\BOOKMARK [0][-]{chapter.1}{\376\377\000V\000I\000I\000A\145\317\121\103\175\040}{}% 1
\BOOKMARK [1][-]{section.1.1}{\376\377\000V\000I\000I\000A\145\317\121\103\175\040\176\374\217\360}{chapter.1}% 2
\BOOKMARK [2][-]{subsection.1.1.1}{\376\377\000V\000I\000I\000A\145\317\121\103\175\040\166\204\123\321\163\260\116\016\122\006\136\003}{section.1.1}% 3
\BOOKMARK [2][-]{subsection.1.1.2}{\376\377\000V\000I\000I\000A\145\317\121\103\175\040\166\204\136\224\165\050}{section.1.1}% 4
\BOOKMARK [2][-]{subsection.1.1.3}{\376\377\000V\000I\000I\000A\145\317\121\103\175\040\166\204\123\237\133\120\140\047\215\050}{section.1.1}% 5
\BOOKMARK [1][-]{section.1.2}{\376\377\000V\000I\000I\000A\145\317\121\103\175\040\166\204\123\125\215\050}{chapter.1}% 6
\BOOKMARK [2][-]{subsection.1.2.1}{\376\377\123\125\215\050\166\204\162\151\164\006\140\047\215\050}{section.1.2}% 7
\BOOKMARK [2][-]{subsection.1.2.2}{\376\377\123\125\215\050\166\204\146\166\117\123\176\323\147\204}{section.1.2}% 8
\BOOKMARK [2][-]{subsection.1.2.3}{\376\377\123\125\215\050\166\204\123\026\133\146\140\047\215\050}{section.1.2}% 9
\BOOKMARK [2][-]{subsection.1.2.4}{\376\377\123\125\215\050\166\204\122\066\131\007\145\271\154\325}{section.1.2}% 10
\BOOKMARK [1][-]{section.1.3}{\376\377\000V\000I\000I\000A\145\317\121\103\175\040\166\204\154\042\123\026\162\151}{chapter.1}% 11
\BOOKMARK [2][-]{subsection.1.3.1}{\376\377\000H\000X\166\204\162\151\164\006\140\047\215\050\116\016\176\323\147\204}{section.1.3}% 12
\BOOKMARK [2][-]{subsection.1.3.2}{\376\377\122\066\131\007\124\214\165\050\220\024}{section.1.3}% 13
\BOOKMARK [2][-]{subsection.1.3.3}{\376\377\000\040\000H\000X\166\204\123\026\133\146\140\047\215\050}{section.1.3}% 14
\BOOKMARK [1][-]{section.1.4}{\376\377\123\144\175\040\116\222\123\026\162\151\124\214\131\032\123\144\171\273\133\120}{chapter.1}% 15
\BOOKMARK [2][-]{subsection.1.4.1}{\376\377\123\144\175\040\116\222\123\026\162\151\166\204\162\151\164\006\140\047\215\050\116\016\122\066\131\007\145\271\154\325}{section.1.4}% 16
\BOOKMARK [2][-]{subsection.1.4.2}{\376\377\123\144\175\040\116\222\123\026\162\151\123\312\131\032\123\144\171\273\133\120\166\204\176\323\147\204}{section.1.4}% 17
\BOOKMARK [2][-]{subsection.1.4.3}{\376\377\123\144\175\040\116\222\123\026\162\151\123\312\131\032\123\144\171\273\133\120\166\204\123\026\133\146\140\047\215\050}{section.1.4}% 18
\BOOKMARK [2][-]{subsection.1.4.4}{\376\377\123\144\175\040\226\063\171\273\133\120}{section.1.4}% 19
\BOOKMARK [1][-]{section.1.5}{\376\377\000V\000I\000I\000A\145\317\121\103\175\040\166\204\154\047\123\026\162\151\124\214\154\037\154\047\123\026\162\151}{chapter.1}% 20
\BOOKMARK [2][-]{subsection.1.5.1}{\376\377\000C\000l\166\204\154\047\123\026\162\151}{section.1.5}% 21
\BOOKMARK [2][-]{subsection.1.5.2}{\376\377\000B\000r\124\214\000\040\000I\166\204\154\047\123\026\162\151}{section.1.5}% 22
\BOOKMARK [2][-]{subsection.1.5.3}{\376\377\000V\000I\000I\000A\145\317\121\103\175\040\166\204\154\037\154\047\123\026\162\151}{section.1.5}% 23
\BOOKMARK [1][-]{section.1.6}{\376\377\000V\000I\000I\000A\145\317\121\103\175\040\166\204\124\053\154\047\221\170\123\312\124\053\154\047\221\170\166\320}{chapter.1}% 24
\BOOKMARK [2][-]{subsection.1.6.1}{\376\377\000F\166\204\124\053\154\047\221\170}{section.1.6}% 25
\BOOKMARK [2][-]{subsection.1.6.2}{\376\377\000C\000l\000,\000\040\000B\000r\124\214\000\040\000I\166\204\124\053\154\047\221\170}{section.1.6}% 26
\BOOKMARK [1][-]{section.1.7}{\376\377\123\144\225\056}{chapter.1}% 27
\BOOKMARK [2][-]{subsection.1.7.1}{\376\377\123\144\225\056\166\204\170\024\172\166\123\206\123\362\124\214\133\232\116\111}{section.1.7}% 28
\BOOKMARK [2][-]{subsection.1.7.2}{\376\377\123\144\225\056\166\204\147\054\215\050}{section.1.7}% 29
\BOOKMARK [2][-]{subsection.1.7.3}{\376\377\131\032\123\144\226\064\171\273\133\120}{section.1.7}% 30
\BOOKMARK [2][-]{subsection.1.7.4}{}{section.1.7}% 31
